<?xml version="1.0" encoding="UTF-8"?>
<testsuite xmlns:xsi="http://www.w3.org/2001/XMLSchema-instance" xsi:noNamespaceSchemaLocation="https://maven.apache.org/surefire/maven-surefire-plugin/xsd/surefire-test-report-3.0.xsd" version="3.0" name="model.teste.arquivo.TesteArquivo" time="0.18" tests="4" errors="0" skipped="0" failures="0">
  <properties>
[...]
</properties>
  <testcase name="testeExisteArquivoJson" classname="model.teste.arquivo.TesteArquivo" time="0.004"/>
  <testcase name="testeGerouArquivoJson" classname="model.teste.arquivo.TesteArquivo" time="0.069"/>
  <testcase name="testeExisteArquivoCsv" classname="model.teste.arquivo.TesteArquivo" time="0.001"/>
  <testcase name="testeGerouArquivoCsv" classname="model.teste.arquivo.TesteArquivo" time="0.007"/>
</testsuite>